This is XeTeX, Version 3.141592653-2.6-0.999997 (MiKTeX 25.4) (preloaded format=xelatex 2025.9.17)  22 SEP 2025 15:05
entering extended mode
 \write18 enabled.
 %&-line parsing enabled.
**./Projet_2025_2026.tex
(Projet_2025_2026.tex
LaTeX2e <2025-06-01> patch level 1
L3 programming layer <2025-08-13>

(C:\Users\guillaume.franchi\AppData\Local\Programs\MiKTeX\tex/latex/base\articl
e.cls
Document Class: article 2025/01/22 v1.4n Standard LaTeX document class

(C:\Users\guillaume.franchi\AppData\Local\Programs\MiKTeX\tex/latex/base\size12
.clo
File: size12.clo 2025/01/22 v1.4n Standard LaTeX file (size option)
)
\c@part=\count271
\c@section=\count272
\c@subsection=\count273
\c@subsubsection=\count274
\c@paragraph=\count275
\c@subparagraph=\count276
\c@figure=\count277
\c@table=\count278
\abovecaptionskip=\skip49
\belowcaptionskip=\skip50
\bibindent=\dimen148
)
(C:\Users\guillaume.franchi\AppData\Local\Programs\MiKTeX\tex/latex/amsfonts\am
ssymb.sty
Package: amssymb 2013/01/14 v3.01 AMS font symbols

(C:\Users\guillaume.franchi\AppData\Local\Programs\MiKTeX\tex/latex/amsfonts\am
sfonts.sty
Package: amsfonts 2013/01/14 v3.01 Basic AMSFonts support
\@emptytoks=\toks17
\symAMSa=\mathgroup4
\symAMSb=\mathgroup5
LaTeX Font Info:    Redeclaring math symbol \hbar on input line 98.
LaTeX Font Info:    Overwriting math alphabet `\mathfrak' in version `bold'
(Font)                  U/euf/m/n --> U/euf/b/n on input line 106.
))
(C:\Users\guillaume.franchi\AppData\Local\Programs\MiKTeX\tex/latex/amsmath\ams
math.sty
Package: amsmath 2025/06/16 v2.17y AMS math features
\@mathmargin=\skip51

For additional information on amsmath, use the `?' option.

(C:\Users\guillaume.franchi\AppData\Local\Programs\MiKTeX\tex/latex/amsmath\ams
text.sty
Package: amstext 2024/11/17 v2.01 AMS text

(C:\Users\guillaume.franchi\AppData\Local\Programs\MiKTeX\tex/latex/amsmath\ams
gen.sty
File: amsgen.sty 1999/11/30 v2.0 generic functions
\@emptytoks=\toks18
\ex@=\dimen149
))
(C:\Users\guillaume.franchi\AppData\Local\Programs\MiKTeX\tex/latex/amsmath\ams
bsy.sty
Package: amsbsy 1999/11/29 v1.2d Bold Symbols
\pmbraise@=\dimen150
)
(C:\Users\guillaume.franchi\AppData\Local\Programs\MiKTeX\tex/latex/amsmath\ams
opn.sty
Package: amsopn 2022/04/08 v2.04 operator names
)
\inf@bad=\count279
LaTeX Info: Redefining \frac on input line 233.
\uproot@=\count280
\leftroot@=\count281
LaTeX Info: Redefining \overline on input line 398.
LaTeX Info: Redefining \colon on input line 409.
\classnum@=\count282
\DOTSCASE@=\count283
LaTeX Info: Redefining \ldots on input line 495.
LaTeX Info: Redefining \dots on input line 498.
LaTeX Info: Redefining \cdots on input line 619.
\Mathstrutbox@=\box53
\strutbox@=\box54
LaTeX Info: Redefining \big on input line 721.
LaTeX Info: Redefining \Big on input line 722.
LaTeX Info: Redefining \bigg on input line 723.
LaTeX Info: Redefining \Bigg on input line 724.
\big@size=\dimen151
LaTeX Font Info:    Redeclaring font encoding OML on input line 742.
LaTeX Font Info:    Redeclaring font encoding OMS on input line 743.
\macc@depth=\count284
LaTeX Info: Redefining \bmod on input line 904.
LaTeX Info: Redefining \pmod on input line 909.
LaTeX Info: Redefining \smash on input line 939.
LaTeX Info: Redefining \relbar on input line 969.
LaTeX Info: Redefining \Relbar on input line 970.
\c@MaxMatrixCols=\count285
\dotsspace@=\muskip17
\c@parentequation=\count286
\dspbrk@lvl=\count287
\tag@help=\toks19
\row@=\count288
\column@=\count289
\maxfields@=\count290
\andhelp@=\toks20
\eqnshift@=\dimen152
\alignsep@=\dimen153
\tagshift@=\dimen154
\tagwidth@=\dimen155
\totwidth@=\dimen156
\lineht@=\dimen157
\@envbody=\toks21
\multlinegap=\skip52
\multlinetaggap=\skip53
\mathdisplay@stack=\toks22
LaTeX Info: Redefining \[ on input line 2949.
LaTeX Info: Redefining \] on input line 2950.
)
(C:\Users\guillaume.franchi\AppData\Local\Programs\MiKTeX\tex/latex/amscls\amst
hm.sty
Package: amsthm 2020/05/29 v2.20.6
\thm@style=\toks23
\thm@bodyfont=\toks24
\thm@headfont=\toks25
\thm@notefont=\toks26
\thm@headpunct=\toks27
\thm@preskip=\skip54
\thm@postskip=\skip55
\thm@headsep=\skip56
\dth@everypar=\toks28
)
(C:\Users\guillaume.franchi\AppData\Local\Programs\MiKTeX\tex/latex/doublestrok
e\dsfont.sty
Package: dsfont 1995/08/01 v0.1 Double stroke roman fonts
)
(C:\Users\guillaume.franchi\AppData\Local\Programs\MiKTeX\tex/latex/mathtools\m
athtools.sty
Package: mathtools 2024/10/04 v1.31 mathematical typesetting tools

(C:\Users\guillaume.franchi\AppData\Local\Programs\MiKTeX\tex/latex/graphics\ke
yval.sty
Package: keyval 2022/05/29 v1.15 key=value parser (DPC)
\KV@toks@=\toks29
)
(C:\Users\guillaume.franchi\AppData\Local\Programs\MiKTeX\tex/latex/tools\calc.
sty
Package: calc 2025/03/01 v4.3b Infix arithmetic (KKT,FJ)
\calc@Acount=\count291
\calc@Bcount=\count292
\calc@Adimen=\dimen158
\calc@Bdimen=\dimen159
\calc@Askip=\skip57
\calc@Bskip=\skip58
LaTeX Info: Redefining \setlength on input line 86.
LaTeX Info: Redefining \addtolength on input line 87.
\calc@Ccount=\count293
\calc@Cskip=\skip59
)
(C:\Users\guillaume.franchi\AppData\Local\Programs\MiKTeX\tex/latex/mathtools\m
hsetup.sty
Package: mhsetup 2021/03/18 v1.4 programming setup (MH)
)
\g_MT_multlinerow_int=\count294
\l_MT_multwidth_dim=\dimen160
\origjot=\skip60
\l_MT_shortvdotswithinadjustabove_dim=\dimen161
\l_MT_shortvdotswithinadjustbelow_dim=\dimen162
\l_MT_above_intertext_sep=\dimen163
\l_MT_below_intertext_sep=\dimen164
\l_MT_above_shortintertext_sep=\dimen165
\l_MT_below_shortintertext_sep=\dimen166
\xmathstrut@box=\box55
\xmathstrut@dim=\dimen167
)
(C:\Users\guillaume.franchi\AppData\Local\Programs\MiKTeX\tex/latex/stmaryrd\st
maryrd.sty
Package: stmaryrd 1994/03/03 St Mary's Road symbol package
\symstmry=\mathgroup6
LaTeX Font Info:    Overwriting symbol font `stmry' in version `bold'
(Font)                  U/stmry/m/n --> U/stmry/b/n on input line 89.
)
(C:\Users\guillaume.franchi\AppData\Local\Programs\MiKTeX\tex/latex/base\inpute
nc.sty
Package: inputenc 2024/02/08 v1.3d Input encoding file
\inpenc@prehook=\toks30
\inpenc@posthook=\toks31


Package inputenc Warning: inputenc package ignored with utf8 based engines.

)
(C:\Users\guillaume.franchi\AppData\Local\Programs\MiKTeX\tex/generic/babel\bab
el.sty
Package: babel 2025/08/03 v25.12 The multilingual framework for LuaLaTeX, pdfLa
TeX and XeLaTeX
\babel@savecnt=\count295
LaTeX Encoding Info:    Redeclaring text command \ij (encoding OT1) on input li
ne 2045.
LaTeX Encoding Info:    Redeclaring text command \IJ (encoding OT1) on input li
ne 2047.
LaTeX Encoding Info:    Redeclaring text command \ij (encoding T1) on input lin
e 2049.
LaTeX Encoding Info:    Redeclaring text command \IJ (encoding T1) on input lin
e 2050.
LaTeX Encoding Info:    Ignoring declaration for text command \ij (encoding ?) 
on input line 2051.
LaTeX Encoding Info:    Ignoring declaration for text command \IJ (encoding ?) 
on input line 2053.
LaTeX Encoding Info:    Ignoring declaration for text command \SS (encoding ?) 
on input line 2078.
\U@D=\dimen168
\l@unhyphenated=\language79

(C:\Users\guillaume.franchi\AppData\Local\Programs\MiKTeX\tex/generic/babel\xeb
abel.def)
\bbl@readstream=\read2
\bbl@dirlevel=\count296

*************************************
* Local config file bblopts.cfg used
*

(C:\Users\guillaume.franchi\AppData\Local\Programs\MiKTeX\tex/latex/arabi\bblop
ts.cfg
File: bblopts.cfg 2005/09/08 v0.1 add Arabic and Farsi to "declared" options of
 babel
)
(C:\Users\guillaume.franchi\AppData\Local\Programs\MiKTeX\tex/generic/babel-fre
nch\french.ldf
Language: french 2025-08-15 v4.0e French support from the babel system

(C:\Users\guillaume.franchi\AppData\Local\Programs\MiKTeX\tex/generic/babel/loc
ale/fr\babel-french.tex
Package babel Info: Importing font and identification data for french
(babel)             from babel-fr.ini. Reported on input line 12.
)
(C:\Users\guillaume.franchi\AppData\Local\Programs\MiKTeX\tex/generic/babel-fre
nch\french3.ldf
Language: french 2025-08-15 v3.7e French support from the babel system
\FB@stdchar=\count297
Package french3.ldf Info: No need for active punctuation characters
(french3.ldf)             with this version of XeTeX!
(french3.ldf)             reported on input line 154.
\FB@punctthick=\XeTeXcharclass4
\FB@punctthin=\XeTeXcharclass5
\FB@punctnul=\XeTeXcharclass6
\FB@guilo=\XeTeXcharclass7
\FB@guilf=\XeTeXcharclass8
\FB@guilnul=\XeTeXcharclass9
\FBguill@level=\count298
\FBold@everypar=\toks32
\FB@Mht=\dimen169
\mc@charclass=\count299
\mc@charfam=\count300
\mc@charslot=\count301
\std@mcc=\count302
\dec@mcc=\count303
\FB@pardim=\dimen170
\listindentFB=\dimen171
\descindentFB=\dimen172
\labelindentFB=\dimen173
\labelwidthFB=\dimen174
\leftmarginFB=\dimen175
\parindentFFN=\dimen176
\FBfnindent=\dimen177
)))
(C:\Users\guillaume.franchi\AppData\Local\Programs\MiKTeX\tex/latex/carlisle\sc
alefnt.sty)
(C:\Users\guillaume.franchi\AppData\Local\Programs\MiKTeX\tex/latex/lm\lmodern.
sty
Package: lmodern 2015/05/01 v1.6.1 Latin Modern Fonts
LaTeX Font Info:    Overwriting symbol font `operators' in version `normal'
(Font)                  OT1/cmr/m/n --> OT1/lmr/m/n on input line 22.
LaTeX Font Info:    Overwriting symbol font `letters' in version `normal'
(Font)                  OML/cmm/m/it --> OML/lmm/m/it on input line 23.
LaTeX Font Info:    Overwriting symbol font `symbols' in version `normal'
(Font)                  OMS/cmsy/m/n --> OMS/lmsy/m/n on input line 24.
LaTeX Font Info:    Overwriting symbol font `largesymbols' in version `normal'
(Font)                  OMX/cmex/m/n --> OMX/lmex/m/n on input line 25.
LaTeX Font Info:    Overwriting symbol font `operators' in version `bold'
(Font)                  OT1/cmr/bx/n --> OT1/lmr/bx/n on input line 26.
LaTeX Font Info:    Overwriting symbol font `letters' in version `bold'
(Font)                  OML/cmm/b/it --> OML/lmm/b/it on input line 27.
LaTeX Font Info:    Overwriting symbol font `symbols' in version `bold'
(Font)                  OMS/cmsy/b/n --> OMS/lmsy/b/n on input line 28.
LaTeX Font Info:    Overwriting symbol font `largesymbols' in version `bold'
(Font)                  OMX/cmex/m/n --> OMX/lmex/m/n on input line 29.
LaTeX Font Info:    Overwriting math alphabet `\mathbf' in version `normal'
(Font)                  OT1/cmr/bx/n --> OT1/lmr/bx/n on input line 31.
LaTeX Font Info:    Overwriting math alphabet `\mathsf' in version `normal'
(Font)                  OT1/cmss/m/n --> OT1/lmss/m/n on input line 32.
LaTeX Font Info:    Overwriting math alphabet `\mathit' in version `normal'
(Font)                  OT1/cmr/m/it --> OT1/lmr/m/it on input line 33.
LaTeX Font Info:    Overwriting math alphabet `\mathtt' in version `normal'
(Font)                  OT1/cmtt/m/n --> OT1/lmtt/m/n on input line 34.
LaTeX Font Info:    Overwriting math alphabet `\mathbf' in version `bold'
(Font)                  OT1/cmr/bx/n --> OT1/lmr/bx/n on input line 35.
LaTeX Font Info:    Overwriting math alphabet `\mathsf' in version `bold'
(Font)                  OT1/cmss/bx/n --> OT1/lmss/bx/n on input line 36.
LaTeX Font Info:    Overwriting math alphabet `\mathit' in version `bold'
(Font)                  OT1/cmr/bx/it --> OT1/lmr/bx/it on input line 37.
LaTeX Font Info:    Overwriting math alphabet `\mathtt' in version `bold'
(Font)                  OT1/cmtt/m/n --> OT1/lmtt/m/n on input line 38.
)
(C:\Users\guillaume.franchi\AppData\Local\Programs\MiKTeX\tex/latex/csquotes\cs
quotes.sty
Package: csquotes 2024-04-04 v5.2o context-sensitive quotations (JAW)

(C:\Users\guillaume.franchi\AppData\Local\Programs\MiKTeX\tex/latex/etoolbox\et
oolbox.sty
Package: etoolbox 2025/02/11 v2.5l e-TeX tools for LaTeX (JAW)
\etb@tempcnta=\count304
)
\csq@reset=\count305
\csq@gtype=\count306
\csq@glevel=\count307
\csq@qlevel=\count308
\csq@maxlvl=\count309
\csq@tshold=\count310
\csq@ltx@everypar=\toks33

(C:\Users\guillaume.franchi\AppData\Local\Programs\MiKTeX\tex/latex/csquotes\cs
quotes.def
File: csquotes.def 2024-04-04 v5.2o csquotes generic definitions (JAW)
)
Package csquotes Info: Trying to load configuration file 'csquotes.cfg'...
Package csquotes Info: ... configuration file loaded successfully.

(C:\Users\guillaume.franchi\AppData\Local\Programs\MiKTeX\tex/latex/csquotes\cs
quotes.cfg
File: csquotes.cfg 
))
(C:\Users\guillaume.franchi\AppData\Local\Programs\MiKTeX\tex/latex/graphics\co
lor.sty
Package: color 2025/01/14 v1.3e Standard LaTeX Color (DPC)

(C:\Users\guillaume.franchi\AppData\Local\Programs\MiKTeX\tex/latex/graphics-cf
g\color.cfg
File: color.cfg 2016/01/02 v1.6 sample color configuration
)
Package color Info: Driver file: xetex.def on input line 149.

(C:\Users\guillaume.franchi\AppData\Local\Programs\MiKTeX\tex/latex/graphics-de
f\xetex.def
File: xetex.def 2022/09/22 v5.0n Graphics/color driver for xetex
)
(C:\Users\guillaume.franchi\AppData\Local\Programs\MiKTeX\tex/latex/graphics\ma
thcolor.ltx))
(C:\Users\guillaume.franchi\AppData\Local\Programs\MiKTeX\tex/latex/geometry\ge
ometry.sty
Package: geometry 2020/01/02 v5.9 Page Geometry

(C:\Users\guillaume.franchi\AppData\Local\Programs\MiKTeX\tex/generic/iftex\ifv
tex.sty
Package: ifvtex 2019/10/25 v1.7 ifvtex legacy package. Use iftex instead.

(C:\Users\guillaume.franchi\AppData\Local\Programs\MiKTeX\tex/generic/iftex\ift
ex.sty
Package: iftex 2024/12/12 v1.0g TeX engine tests
))
\Gm@cnth=\count311
\Gm@cntv=\count312
\c@Gm@tempcnt=\count313
\Gm@bindingoffset=\dimen178
\Gm@wd@mp=\dimen179
\Gm@odd@mp=\dimen180
\Gm@even@mp=\dimen181
\Gm@layoutwidth=\dimen182
\Gm@layoutheight=\dimen183
\Gm@layouthoffset=\dimen184
\Gm@layoutvoffset=\dimen185
\Gm@dimlist=\toks34

(C:\Users\guillaume.franchi\AppData\Local\Programs\MiKTeX\tex/latex/geometry\ge
ometry.cfg))
(C:\Users\guillaume.franchi\AppData\Local\Programs\MiKTeX\tex/latex/graphics\gr
aphicx.sty
Package: graphicx 2024/12/31 v1.2e Enhanced LaTeX Graphics (DPC,SPQR)

(C:\Users\guillaume.franchi\AppData\Local\Programs\MiKTeX\tex/latex/graphics\gr
aphics.sty
Package: graphics 2024/08/06 v1.4g Standard LaTeX Graphics (DPC,SPQR)

(C:\Users\guillaume.franchi\AppData\Local\Programs\MiKTeX\tex/latex/graphics\tr
ig.sty
Package: trig 2023/12/02 v1.11 sin cos tan (DPC)
)
(C:\Users\guillaume.franchi\AppData\Local\Programs\MiKTeX\tex/latex/graphics-cf
g\graphics.cfg
File: graphics.cfg 2016/06/04 v1.11 sample graphics configuration
)
Package graphics Info: Driver file: xetex.def on input line 106.
)
\Gin@req@height=\dimen186
\Gin@req@width=\dimen187
)
(C:\Users\guillaume.franchi\AppData\Local\Programs\MiKTeX\tex/latex/adjustbox\a
djustbox.sty
Package: adjustbox 2025/02/26 v1.3c Adjusting TeX boxes (trim, clip, ...)

(C:\Users\guillaume.franchi\AppData\Local\Programs\MiKTeX\tex/latex/xkeyval\xke
yval.sty
Package: xkeyval 2022/06/16 v2.9 package option processing (HA)

(C:\Users\guillaume.franchi\AppData\Local\Programs\MiKTeX\tex/generic/xkeyval\x
keyval.tex
(C:\Users\guillaume.franchi\AppData\Local\Programs\MiKTeX\tex/generic/xkeyval\x
kvutils.tex
\XKV@toks=\toks35
\XKV@tempa@toks=\toks36
)
\XKV@depth=\count314
File: xkeyval.tex 2014/12/03 v2.7a key=value parser (HA)
))
(C:\Users\guillaume.franchi\AppData\Local\Programs\MiKTeX\tex/latex/adjustbox\a
djcalc.sty
Package: adjcalc 2012/05/16 v1.1 Provides advanced setlength with multiple back
-ends (calc, etex, pgfmath)
)
(C:\Users\guillaume.franchi\AppData\Local\Programs\MiKTeX\tex/latex/adjustbox\t
rimclip.sty
Package: trimclip 2025/02/21 v1.2a Trim and clip general TeX material

(C:\Users\guillaume.franchi\AppData\Local\Programs\MiKTeX\tex/latex/collectbox\
collectbox.sty
Package: collectbox 2022/10/17 v0.4c Collect macro arguments as boxes
\collectedbox=\box56
)
\tc@llx=\dimen188
\tc@lly=\dimen189
\tc@urx=\dimen190
\tc@ury=\dimen191
Package trimclip Info: Using driver 'tc-xetex.def'.

(C:\Users\guillaume.franchi\AppData\Local\Programs\MiKTeX\tex/latex/adjustbox\t
c-xetex.def
File: tc-xetex.def 2019/01/04 v2.2 Clipping driver for xetex
))
\adjbox@Width=\dimen192
\adjbox@Height=\dimen193
\adjbox@Depth=\dimen194
\adjbox@Totalheight=\dimen195
\adjbox@pwidth=\dimen196
\adjbox@pheight=\dimen197
\adjbox@pdepth=\dimen198
\adjbox@ptotalheight=\dimen199

(C:\Users\guillaume.franchi\AppData\Local\Programs\MiKTeX\tex/latex/ifoddpage\i
foddpage.sty
Package: ifoddpage 2022/10/18 v1.2 Conditionals for odd/even page detection
\c@checkoddpage=\count315
)
(C:\Users\guillaume.franchi\AppData\Local\Programs\MiKTeX\tex/latex/varwidth\va
rwidth.sty
Package: varwidth 2009/03/30 ver 0.92;  Variable-width minipages
\@vwid@box=\box57
\sift@deathcycles=\count316
\@vwid@loff=\dimen256
\@vwid@roff=\dimen257
)
==> First Aid for varwidth.sty applied!
)
(C:\Users\guillaume.franchi\AppData\Local\Programs\MiKTeX\tex/latex/float\float
.sty
Package: float 2001/11/08 v1.3d Float enhancements (AL)
\c@float@type=\count317
\float@exts=\toks37
\float@box=\box58
\@float@everytoks=\toks38
\@floatcapt=\box59
)
(C:\Users\guillaume.franchi\AppData\Local\Programs\MiKTeX\tex/latex/caption\sub
caption.sty
Package: subcaption 2023/07/28 v1.6b Sub-captions (AR)

(C:\Users\guillaume.franchi\AppData\Local\Programs\MiKTeX\tex/latex/caption\cap
tion.sty
Package: caption 2023/08/05 v3.6o Customizing captions (AR)

(C:\Users\guillaume.franchi\AppData\Local\Programs\MiKTeX\tex/latex/caption\cap
tion3.sty
Package: caption3 2023/07/31 v2.4d caption3 kernel (AR)
\caption@tempdima=\dimen258
\captionmargin=\dimen259
\caption@leftmargin=\dimen260
\caption@rightmargin=\dimen261
\caption@width=\dimen262
\caption@indent=\dimen263
\caption@parindent=\dimen264
\caption@hangindent=\dimen265
Package caption Info: Standard document class detected.
Package caption Info: french babel package is loaded.
)
\c@caption@flags=\count318
\c@continuedfloat=\count319
Package caption Info: float package is loaded.
)
Package caption Info: New subtype `subfigure' on input line 238.
\c@subfigure=\count320
Package caption Info: New subtype `subtable' on input line 238.
\c@subtable=\count321
)
(C:\Users\guillaume.franchi\AppData\Local\Programs\MiKTeX\tex/latex/enumitem\en
umitem.sty
Package: enumitem 2025/02/06 v3.11 Customized lists
\labelindent=\skip61
\enit@outerparindent=\dimen266
\enit@toks=\toks39
\enit@inbox=\box60
\enit@count@id=\count322
\enitdp@description=\count323
)
(C:\Users\guillaume.franchi\AppData\Local\Programs\MiKTeX\tex/latex/hyperref\hy
perref.sty
Package: hyperref 2025-07-12 v7.01o Hypertext links for LaTeX

(C:\Users\guillaume.franchi\AppData\Local\Programs\MiKTeX\tex/latex/kvsetkeys\k
vsetkeys.sty
Package: kvsetkeys 2022-10-05 v1.19 Key value parser (HO)
)
(C:\Users\guillaume.franchi\AppData\Local\Programs\MiKTeX\tex/generic/kvdefinek
eys\kvdefinekeys.sty
Package: kvdefinekeys 2019-12-19 v1.6 Define keys (HO)
)
(C:\Users\guillaume.franchi\AppData\Local\Programs\MiKTeX\tex/generic/pdfescape
\pdfescape.sty
Package: pdfescape 2019/12/09 v1.15 Implements pdfTeX's escape features (HO)

(C:\Users\guillaume.franchi\AppData\Local\Programs\MiKTeX\tex/generic/ltxcmds\l
txcmds.sty
Package: ltxcmds 2023-12-04 v1.26 LaTeX kernel commands for general use (HO)
)
(C:\Users\guillaume.franchi\AppData\Local\Programs\MiKTeX\tex/generic/pdftexcmd
s\pdftexcmds.sty
Package: pdftexcmds 2020-06-27 v0.33 Utility functions of pdfTeX for LuaTeX (HO
)

(C:\Users\guillaume.franchi\AppData\Local\Programs\MiKTeX\tex/generic/infwarerr
\infwarerr.sty
Package: infwarerr 2019/12/03 v1.5 Providing info/warning/error messages (HO)
)
Package pdftexcmds Info: \pdf@primitive is available.
Package pdftexcmds Info: \pdf@ifprimitive is available.
Package pdftexcmds Info: \pdfdraftmode not found.
))
(C:\Users\guillaume.franchi\AppData\Local\Programs\MiKTeX\tex/latex/hycolor\hyc
olor.sty
Package: hycolor 2020-01-27 v1.10 Color options for hyperref/bookmark (HO)
)
(C:\Users\guillaume.franchi\AppData\Local\Programs\MiKTeX\tex/latex/hyperref\na
meref.sty
Package: nameref 2025-06-21 v2.57 Cross-referencing by name of section

(C:\Users\guillaume.franchi\AppData\Local\Programs\MiKTeX\tex/latex/refcount\re
fcount.sty
Package: refcount 2019/12/15 v3.6 Data extraction from label references (HO)
)
(C:\Users\guillaume.franchi\AppData\Local\Programs\MiKTeX\tex/generic/gettitles
tring\gettitlestring.sty
Package: gettitlestring 2019/12/15 v1.6 Cleanup title references (HO)

(C:\Users\guillaume.franchi\AppData\Local\Programs\MiKTeX\tex/latex/kvoptions\k
voptions.sty
Package: kvoptions 2022-06-15 v3.15 Key value format for package options (HO)
))
\c@section@level=\count324
)
(C:\Users\guillaume.franchi\AppData\Local\Programs\MiKTeX\tex/generic/stringenc
\stringenc.sty
Package: stringenc 2019/11/29 v1.12 Convert strings between diff. encodings (HO
)
)
\@linkdim=\dimen267
\Hy@linkcounter=\count325
\Hy@pagecounter=\count326

(C:\Users\guillaume.franchi\AppData\Local\Programs\MiKTeX\tex/latex/hyperref\pd
1enc.def
File: pd1enc.def 2025-07-12 v7.01o Hyperref: PDFDocEncoding definition (HO)
)
(C:\Users\guillaume.franchi\AppData\Local\Programs\MiKTeX\tex/generic/intcalc\i
ntcalc.sty
Package: intcalc 2019/12/15 v1.3 Expandable calculations with integers (HO)
)
\Hy@SavedSpaceFactor=\count327

(C:\Users\guillaume.franchi\AppData\Local\Programs\MiKTeX\tex/latex/hyperref\pu
enc.def
File: puenc.def 2025-07-12 v7.01o Hyperref: PDF Unicode definition (HO)
)
Package hyperref Info: Hyper figures OFF on input line 4195.
Package hyperref Info: Link nesting OFF on input line 4200.
Package hyperref Info: Hyper index ON on input line 4203.
Package hyperref Info: Plain pages OFF on input line 4210.
Package hyperref Info: Backreferencing OFF on input line 4215.
Package hyperref Info: Implicit mode ON; LaTeX internals redefined.
Package hyperref Info: Bookmarks ON on input line 4462.
\c@Hy@tempcnt=\count328

(C:\Users\guillaume.franchi\AppData\Local\Programs\MiKTeX\tex/latex/url\url.sty
\Urlmuskip=\muskip18
Package: url 2013/09/16  ver 3.4  Verb mode for urls, etc.
)
LaTeX Info: Redefining \url on input line 4801.
\XeTeXLinkMargin=\dimen268

(C:\Users\guillaume.franchi\AppData\Local\Programs\MiKTeX\tex/generic/bitset\bi
tset.sty
Package: bitset 2019/12/09 v1.3 Handle bit-vector datatype (HO)

(C:\Users\guillaume.franchi\AppData\Local\Programs\MiKTeX\tex/generic/bigintcal
c\bigintcalc.sty
Package: bigintcalc 2019/12/15 v1.5 Expandable calculations on big integers (HO
)
))
\Fld@menulength=\count329
\Field@Width=\dimen269
\Fld@charsize=\dimen270
Package hyperref Info: Hyper figures OFF on input line 6078.
Package hyperref Info: Link nesting OFF on input line 6083.
Package hyperref Info: Hyper index ON on input line 6086.
Package hyperref Info: backreferencing OFF on input line 6093.
Package hyperref Info: Link coloring OFF on input line 6098.
Package hyperref Info: Link coloring with OCG OFF on input line 6103.
Package hyperref Info: PDF/A mode OFF on input line 6108.
\Hy@abspage=\count330
\c@Item=\count331
\c@Hfootnote=\count332
)
Package hyperref Info: Driver (autodetected): hxetex.

(C:\Users\guillaume.franchi\AppData\Local\Programs\MiKTeX\tex/latex/hyperref\hx
etex.def
File: hxetex.def 2025-07-12 v7.01o Hyperref driver for XeTeX
\pdfm@box=\box61
\c@Hy@AnnotLevel=\count333
\HyField@AnnotCount=\count334
\Fld@listcount=\count335
\c@bookmark@seq@number=\count336

(C:\Users\guillaume.franchi\AppData\Local\Programs\MiKTeX\tex/latex/rerunfilech
eck\rerunfilecheck.sty
Package: rerunfilecheck 2025-06-21 v1.11 Rerun checks for auxiliary files (HO)

(C:\Users\guillaume.franchi\AppData\Local\Programs\MiKTeX\tex/generic/uniquecou
nter\uniquecounter.sty
Package: uniquecounter 2019/12/15 v1.4 Provide unlimited unique counter (HO)
)
Package uniquecounter Info: New unique counter `rerunfilecheck' on input line 2
84.
)
\Hy@SectionHShift=\skip62
)
Package hyperref Info: Option `colorlinks' set `true' on input line 49.
Package hyperref Info: Option `breaklinks' set `true' on input line 49.

(C:\Users\guillaume.franchi\AppData\Local\Programs\MiKTeX\tex/latex/arydshln\ar
ydshln.sty
Package: arydshln 2019/02/21 v1.76 
\dashlinedash=\dimen271
\dashlinegap=\dimen272
\adl@box=\box62
\adl@height=\dimen273
\adl@heightsave=\dimen274
\adl@depth=\dimen275
\adl@depthsave=\dimen276
\adl@finaldepth=\dimen277
\adl@columns=\count337
\adl@ncol=\count338
\adl@currentcolumn=\count339
\adl@currentcolumnsave=\count340
\adl@totalheight=\count341
\adl@totalheightsave=\count342
\adl@dash=\count343
\adl@gap=\count344
\adl@cla=\count345
\adl@clb=\count346
\adl@everyvbox=\toks40
\adl@LTpagetotal=\dimen278
)
==> First Aid for arydshln.sty applied!
\c@numexo=\count347

(C:\Users\guillaume.franchi\AppData\Local\Programs\MiKTeX\tex/latex/tools\multi
col.sty
Package: multicol 2025/05/25 v2.0a multicolumn formatting (FMi)
\c@tracingmulticols=\count348
\mult@box=\box63
\multicol@leftmargin=\dimen279
\c@unbalance=\count349
\c@collectmore=\count350
\doublecol@number=\count351
\multicoltolerance=\count352
\multicolpretolerance=\count353
\full@width=\dimen280
\page@free=\dimen281
\premulticols=\dimen282
\postmulticols=\dimen283
\multicolsep=\skip63
\multicolbaselineskip=\skip64
\partial@page=\box64
\last@line=\box65
\mc@boxedresult=\box66
\maxbalancingoverflow=\dimen284
\mult@rightbox=\box67
\mult@grightbox=\box68
\mult@firstbox=\box69
\mult@gfirstbox=\box70
\@tempa=\box71
\@tempa=\box72
\@tempa=\box73
\@tempa=\box74
\@tempa=\box75
\@tempa=\box76
\@tempa=\box77
\@tempa=\box78
\@tempa=\box79
\@tempa=\box80
\@tempa=\box81
\@tempa=\box82
\@tempa=\box83
\@tempa=\box84
\@tempa=\box85
\@tempa=\box86
\@tempa=\box87
\@tempa=\box88
\@tempa=\box89
\@tempa=\box90
\@tempa=\box91
\@tempa=\box92
\@tempa=\box93
\@tempa=\box94
\@tempa=\box95
\@tempa=\box96
\@tempa=\box97
\@tempa=\box98
\@tempa=\box99
\@tempa=\box100
\@tempa=\box101
\@tempa=\box102
\@tempa=\box103
\@tempa=\box104
\@tempa=\box105
\@tempa=\box106
\c@minrows=\count354
\c@columnbadness=\count355
\c@finalcolumnbadness=\count356
\last@try=\dimen285
\multicolovershoot=\dimen286
\multicolundershoot=\dimen287
\mult@nat@firstbox=\box107
\colbreak@box=\box108
\mc@col@check@num=\count357
\g__mc_curr_col_int=\count358
)
(C:\Users\guillaume.franchi\AppData\Local\Programs\MiKTeX\tex/latex/xcolor\xcol
or.sty
Package: xcolor 2024/09/29 v3.02 LaTeX color extensions (UK)

(C:\Users\guillaume.franchi\AppData\Local\Programs\MiKTeX\tex/latex/graphics-cf
g\color.cfg
File: color.cfg 2016/01/02 v1.6 sample color configuration
)
Package xcolor Info: Driver file: xetex.def on input line 274.
LaTeX Info: Redefining \color on input line 762.

(C:\Users\guillaume.franchi\AppData\Local\Programs\MiKTeX\tex/latex/graphics\ma
thcolor.ltx)
Package xcolor Info: Model `cmy' substituted by `cmy0' on input line 1349.
Package xcolor Info: Model `RGB' extended on input line 1365.
Package xcolor Info: Model `HTML' substituted by `rgb' on input line 1367.
Package xcolor Info: Model `Hsb' substituted by `hsb' on input line 1368.
Package xcolor Info: Model `tHsb' substituted by `hsb' on input line 1369.
Package xcolor Info: Model `HSB' substituted by `hsb' on input line 1370.
Package xcolor Info: Model `Gray' substituted by `gray' on input line 1371.
Package xcolor Info: Model `wave' substituted by `hsb' on input line 1372.
)
(C:\Users\guillaume.franchi\AppData\Local\Programs\MiKTeX\tex/latex/xcolor\svgn
am.def
File: svgnam.def 2024/09/29 v3.02 Predefined colors according to SVG 1.1 (UK)
)
(C:\Users\guillaume.franchi\AppData\Local\Programs\MiKTeX\tex/latex/nicematrix\
nicematrix.sty
(C:\Users\guillaume.franchi\AppData\Local\Programs\MiKTeX\tex/latex/pgf/basicla
yer\pgfcore.sty
(C:\Users\guillaume.franchi\AppData\Local\Programs\MiKTeX\tex/latex/pgf/systeml
ayer\pgfsys.sty
(C:\Users\guillaume.franchi\AppData\Local\Programs\MiKTeX\tex/latex/pgf/utiliti
es\pgfrcs.sty
(C:\Users\guillaume.franchi\AppData\Local\Programs\MiKTeX\tex/generic/pgf/utili
ties\pgfutil-common.tex
\pgfutil@everybye=\toks41
\pgfutil@tempdima=\dimen288
\pgfutil@tempdimb=\dimen289
)
(C:\Users\guillaume.franchi\AppData\Local\Programs\MiKTeX\tex/generic/pgf/utili
ties\pgfutil-latex.def
\pgfutil@abb=\box109
)
(C:\Users\guillaume.franchi\AppData\Local\Programs\MiKTeX\tex/generic/pgf/utili
ties\pgfrcs.code.tex
(C:\Users\guillaume.franchi\AppData\Local\Programs\MiKTeX\tex/generic/pgf\pgf.r
evision.tex)
Package: pgfrcs 2025-08-29 v3.1.11a (3.1.11a)
))
(C:\Users\guillaume.franchi\AppData\Local\Programs\MiKTeX\tex/generic/pgf/syste
mlayer\pgfsys.code.tex
Package: pgfsys 2025-08-29 v3.1.11a (3.1.11a)

(C:\Users\guillaume.franchi\AppData\Local\Programs\MiKTeX\tex/generic/pgf/utili
ties\pgfkeys.code.tex
\pgfkeys@pathtoks=\toks42
\pgfkeys@temptoks=\toks43

(C:\Users\guillaume.franchi\AppData\Local\Programs\MiKTeX\tex/generic/pgf/utili
ties\pgfkeyslibraryfiltered.code.tex
\pgfkeys@tmptoks=\toks44
))
\pgf@x=\dimen290
\pgf@y=\dimen291
\pgf@xa=\dimen292
\pgf@ya=\dimen293
\pgf@xb=\dimen294
\pgf@yb=\dimen295
\pgf@xc=\dimen296
\pgf@yc=\dimen297
\pgf@xd=\dimen298
\pgf@yd=\dimen299
\w@pgf@writea=\write3
\r@pgf@reada=\read3
\c@pgf@counta=\count359
\c@pgf@countb=\count360
\c@pgf@countc=\count361
\c@pgf@countd=\count362
\t@pgf@toka=\toks45
\t@pgf@tokb=\toks46
\t@pgf@tokc=\toks47
\pgf@sys@id@count=\count363

(C:\Users\guillaume.franchi\AppData\Local\Programs\MiKTeX\tex/generic/pgf/syste
mlayer\pgf.cfg
File: pgf.cfg 2025-08-29 v3.1.11a (3.1.11a)
)
Driver file for pgf: pgfsys-xetex.def

(C:\Users\guillaume.franchi\AppData\Local\Programs\MiKTeX\tex/generic/pgf/syste
mlayer\pgfsys-xetex.def
File: pgfsys-xetex.def 2025-08-29 v3.1.11a (3.1.11a)

(C:\Users\guillaume.franchi\AppData\Local\Programs\MiKTeX\tex/generic/pgf/syste
mlayer\pgfsys-dvipdfmx.def
File: pgfsys-dvipdfmx.def 2025-08-29 v3.1.11a (3.1.11a)

(C:\Users\guillaume.franchi\AppData\Local\Programs\MiKTeX\tex/generic/pgf/syste
mlayer\pgfsys-common-pdf.def
File: pgfsys-common-pdf.def 2025-08-29 v3.1.11a (3.1.11a)
)
\pgfsys@objnum=\count364
)))
(C:\Users\guillaume.franchi\AppData\Local\Programs\MiKTeX\tex/generic/pgf/syste
mlayer\pgfsyssoftpath.code.tex
File: pgfsyssoftpath.code.tex 2025-08-29 v3.1.11a (3.1.11a)
\pgfsyssoftpath@smallbuffer@items=\count365
\pgfsyssoftpath@bigbuffer@items=\count366
)
(C:\Users\guillaume.franchi\AppData\Local\Programs\MiKTeX\tex/generic/pgf/syste
mlayer\pgfsysprotocol.code.tex
File: pgfsysprotocol.code.tex 2025-08-29 v3.1.11a (3.1.11a)
))
(C:\Users\guillaume.franchi\AppData\Local\Programs\MiKTeX\tex/generic/pgf/basic
layer\pgfcore.code.tex
Package: pgfcore 2025-08-29 v3.1.11a (3.1.11a)

(C:\Users\guillaume.franchi\AppData\Local\Programs\MiKTeX\tex/generic/pgf/math\
pgfmath.code.tex
(C:\Users\guillaume.franchi\AppData\Local\Programs\MiKTeX\tex/generic/pgf/math\
pgfmathutil.code.tex)
(C:\Users\guillaume.franchi\AppData\Local\Programs\MiKTeX\tex/generic/pgf/math\
pgfmathparser.code.tex
\pgfmath@dimen=\dimen300
\pgfmath@count=\count367
\pgfmath@box=\box110
\pgfmath@toks=\toks48
\pgfmath@stack@operand=\toks49
\pgfmath@stack@operation=\toks50
)
(C:\Users\guillaume.franchi\AppData\Local\Programs\MiKTeX\tex/generic/pgf/math\
pgfmathfunctions.code.tex)
(C:\Users\guillaume.franchi\AppData\Local\Programs\MiKTeX\tex/generic/pgf/math\
pgfmathfunctions.basic.code.tex)
(C:\Users\guillaume.franchi\AppData\Local\Programs\MiKTeX\tex/generic/pgf/math\
pgfmathfunctions.trigonometric.code.tex)
(C:\Users\guillaume.franchi\AppData\Local\Programs\MiKTeX\tex/generic/pgf/math\
pgfmathfunctions.random.code.tex)
(C:\Users\guillaume.franchi\AppData\Local\Programs\MiKTeX\tex/generic/pgf/math\
pgfmathfunctions.comparison.code.tex)
(C:\Users\guillaume.franchi\AppData\Local\Programs\MiKTeX\tex/generic/pgf/math\
pgfmathfunctions.base.code.tex)
(C:\Users\guillaume.franchi\AppData\Local\Programs\MiKTeX\tex/generic/pgf/math\
pgfmathfunctions.round.code.tex)
(C:\Users\guillaume.franchi\AppData\Local\Programs\MiKTeX\tex/generic/pgf/math\
pgfmathfunctions.misc.code.tex)
(C:\Users\guillaume.franchi\AppData\Local\Programs\MiKTeX\tex/generic/pgf/math\
pgfmathfunctions.integerarithmetics.code.tex)
(C:\Users\guillaume.franchi\AppData\Local\Programs\MiKTeX\tex/generic/pgf/math\
pgfmathcalc.code.tex)
(C:\Users\guillaume.franchi\AppData\Local\Programs\MiKTeX\tex/generic/pgf/math\
pgfmathfloat.code.tex
\c@pgfmathroundto@lastzeros=\count368
))
(C:\Users\guillaume.franchi\AppData\Local\Programs\MiKTeX\tex/generic/pgf/math\
pgfint.code.tex)
(C:\Users\guillaume.franchi\AppData\Local\Programs\MiKTeX\tex/generic/pgf/basic
layer\pgfcorepoints.code.tex
File: pgfcorepoints.code.tex 2025-08-29 v3.1.11a (3.1.11a)
\pgf@picminx=\dimen301
\pgf@picmaxx=\dimen302
\pgf@picminy=\dimen303
\pgf@picmaxy=\dimen304
\pgf@pathminx=\dimen305
\pgf@pathmaxx=\dimen306
\pgf@pathminy=\dimen307
\pgf@pathmaxy=\dimen308
\pgf@xx=\dimen309
\pgf@xy=\dimen310
\pgf@yx=\dimen311
\pgf@yy=\dimen312
\pgf@zx=\dimen313
\pgf@zy=\dimen314
)
(C:\Users\guillaume.franchi\AppData\Local\Programs\MiKTeX\tex/generic/pgf/basic
layer\pgfcorepathconstruct.code.tex
File: pgfcorepathconstruct.code.tex 2025-08-29 v3.1.11a (3.1.11a)
\pgf@path@lastx=\dimen315
\pgf@path@lasty=\dimen316
)
(C:\Users\guillaume.franchi\AppData\Local\Programs\MiKTeX\tex/generic/pgf/basic
layer\pgfcorepathusage.code.tex
File: pgfcorepathusage.code.tex 2025-08-29 v3.1.11a (3.1.11a)
\pgf@shorten@end@additional=\dimen317
\pgf@shorten@start@additional=\dimen318
)
(C:\Users\guillaume.franchi\AppData\Local\Programs\MiKTeX\tex/generic/pgf/basic
layer\pgfcorescopes.code.tex
File: pgfcorescopes.code.tex 2025-08-29 v3.1.11a (3.1.11a)
\pgfpic=\box111
\pgf@hbox=\box112
\pgf@layerbox@main=\box113
\pgf@picture@serial@count=\count369
)
(C:\Users\guillaume.franchi\AppData\Local\Programs\MiKTeX\tex/generic/pgf/basic
layer\pgfcoregraphicstate.code.tex
File: pgfcoregraphicstate.code.tex 2025-08-29 v3.1.11a (3.1.11a)
\pgflinewidth=\dimen319
)
(C:\Users\guillaume.franchi\AppData\Local\Programs\MiKTeX\tex/generic/pgf/basic
layer\pgfcoretransformations.code.tex
File: pgfcoretransformations.code.tex 2025-08-29 v3.1.11a (3.1.11a)
\pgf@pt@x=\dimen320
\pgf@pt@y=\dimen321
\pgf@pt@temp=\dimen322
)
(C:\Users\guillaume.franchi\AppData\Local\Programs\MiKTeX\tex/generic/pgf/basic
layer\pgfcorequick.code.tex
File: pgfcorequick.code.tex 2025-08-29 v3.1.11a (3.1.11a)
)
(C:\Users\guillaume.franchi\AppData\Local\Programs\MiKTeX\tex/generic/pgf/basic
layer\pgfcoreobjects.code.tex
File: pgfcoreobjects.code.tex 2025-08-29 v3.1.11a (3.1.11a)
)
(C:\Users\guillaume.franchi\AppData\Local\Programs\MiKTeX\tex/generic/pgf/basic
layer\pgfcorepathprocessing.code.tex
File: pgfcorepathprocessing.code.tex 2025-08-29 v3.1.11a (3.1.11a)
)
(C:\Users\guillaume.franchi\AppData\Local\Programs\MiKTeX\tex/generic/pgf/basic
layer\pgfcorearrows.code.tex
File: pgfcorearrows.code.tex 2025-08-29 v3.1.11a (3.1.11a)
\pgfarrowsep=\dimen323
)
(C:\Users\guillaume.franchi\AppData\Local\Programs\MiKTeX\tex/generic/pgf/basic
layer\pgfcoreshade.code.tex
File: pgfcoreshade.code.tex 2025-08-29 v3.1.11a (3.1.11a)
\pgf@max=\dimen324
\pgf@sys@shading@range@num=\count370
\pgf@shadingcount=\count371
)
(C:\Users\guillaume.franchi\AppData\Local\Programs\MiKTeX\tex/generic/pgf/basic
layer\pgfcoreimage.code.tex
File: pgfcoreimage.code.tex 2025-08-29 v3.1.11a (3.1.11a)
)
(C:\Users\guillaume.franchi\AppData\Local\Programs\MiKTeX\tex/generic/pgf/basic
layer\pgfcoreexternal.code.tex
File: pgfcoreexternal.code.tex 2025-08-29 v3.1.11a (3.1.11a)
\pgfexternal@startupbox=\box114
)
(C:\Users\guillaume.franchi\AppData\Local\Programs\MiKTeX\tex/generic/pgf/basic
layer\pgfcorelayers.code.tex
File: pgfcorelayers.code.tex 2025-08-29 v3.1.11a (3.1.11a)
)
(C:\Users\guillaume.franchi\AppData\Local\Programs\MiKTeX\tex/generic/pgf/basic
layer\pgfcoretransparency.code.tex
File: pgfcoretransparency.code.tex 2025-08-29 v3.1.11a (3.1.11a)
)
(C:\Users\guillaume.franchi\AppData\Local\Programs\MiKTeX\tex/generic/pgf/basic
layer\pgfcorepatterns.code.tex
File: pgfcorepatterns.code.tex 2025-08-29 v3.1.11a (3.1.11a)
)
(C:\Users\guillaume.franchi\AppData\Local\Programs\MiKTeX\tex/generic/pgf/basic
layer\pgfcorerdf.code.tex
File: pgfcorerdf.code.tex 2025-08-29 v3.1.11a (3.1.11a)
)))
(C:\Users\guillaume.franchi\AppData\Local\Programs\MiKTeX\tex/generic/pgf/modul
es\pgfmoduleshapes.code.tex
File: pgfmoduleshapes.code.tex 2025-08-29 v3.1.11a (3.1.11a)
\pgfnodeparttextbox=\box115
)
Package: nicematrix 2025/08/26 v7.2b Enhanced arrays with the help of PGF/TikZ

(C:\Users\guillaume.franchi\AppData\Local\Programs\MiKTeX\tex/latex/tools\array
.sty
Package: array 2025/06/08 v2.6j Tabular extension package (FMi)
\col@sep=\dimen325
\ar@mcellbox=\box116
\extrarowheight=\dimen326
\NC@list=\toks51
\extratabsurround=\skip65
\backup@length=\skip66
\ar@cellbox=\box117
)
\l__nicematrix_tmpc_dim=\dimen327
\l__nicematrix_tmpd_dim=\dimen328
\l__nicematrix_tmpe_dim=\dimen329
\l__nicematrix_tmpf_dim=\dimen330
\l__nicematrix_tmpc_int=\count372
\g__nicematrix_env_int=\count373
\g__nicematrix_NiceMatrixBlock_int=\count374
\g__nicematrix_notes_caption_int=\count375
\l__nicematrix_columns_width_dim=\dimen331
\l__nicematrix_col_width_dim=\dimen332
\g__nicematrix_row_total_int=\count376
\g__nicematrix_col_total_int=\count377
\g__nicematrix_last_row_node_int=\count378
\l__nicematrix_key_nb_rows_int=\count379
\g__nicematrix_blocks_wd_dim=\dimen333
\g__nicematrix_blocks_ht_dim=\dimen334
\g__nicematrix_blocks_dp_dim=\dimen335
\l__nicematrix_width_dim=\dimen336
\l__nicematrix_tabular_width_dim=\dimen337
\l__nicematrix_rule_width_dim=\dimen338
\l__nicematrix_old_iRow_int=\count380
\l__nicematrix_old_jCol_int=\count381
\l__nicematrix_X_columns_dim=\dimen339
\l__nicematrix_x_initial_dim=\dimen340
\l__nicematrix_y_initial_dim=\dimen341
\l__nicematrix_x_final_dim=\dimen342
\l__nicematrix_y_final_dim=\dimen343
\g__nicematrix_dp_row_zero_dim=\dimen344
\g__nicematrix_ht_row_zero_dim=\dimen345
\g__nicematrix_ht_row_one_dim=\dimen346
\g__nicematrix_dp_ante_last_row_dim=\dimen347
\g__nicematrix_ht_last_row_dim=\dimen348
\g__nicematrix_dp_last_row_dim=\dimen349
\g__nicematrix_width_last_col_dim=\dimen350
\g__nicematrix_width_first_col_dim=\dimen351
\g__nicematrix_ddots_int=\count382
\g__nicematrix_iddots_int=\count383
\g__nicematrix_delta_x_one_dim=\dimen352
\g__nicematrix_delta_y_one_dim=\dimen353
\g__nicematrix_delta_x_two_dim=\dimen354
\g__nicematrix_delta_y_two_dim=\dimen355
\l__nicematrix_row_min_int=\count384
\l__nicematrix_row_max_int=\count385
\l__nicematrix_col_min_int=\count386
\l__nicematrix_col_max_int=\count387
\l__nicematrix_initial_i_int=\count388
\l__nicematrix_initial_j_int=\count389
\l__nicematrix_final_i_int=\count390
\l__nicematrix_final_j_int=\count391
\l__nicematrix_start_int=\count392
\l__nicematrix_end_int=\count393
\l__nicematrix_local_start_int=\count394
\l__nicematrix_local_end_int=\count395
\g__nicematrix_static_num_of_col_int=\count396
\l__nicematrix_rounded_corners_dim=\dimen356
\l__nicematrix_tab_rounded_corners_dim=\dimen357
\l__nicematrix_offset_dim=\dimen358
\l__nicematrix_line_width_dim=\dimen359
\g__nicematrix_block_box_int=\count397
\l__nicematrix_submatrix_extra_height_dim=\dimen360
\l__nicematrix_submatrix_left_xshift_dim=\dimen361
\l__nicematrix_submatrix_right_xshift_dim=\dimen362
\l__nicematrix_first_row_int=\count398
\l__nicematrix_first_col_int=\count399
\l__nicematrix_last_row_int=\count400
\l__nicematrix_last_col_int=\count401
\c@tabularnote=\count402
\g__nicematrix_tabularnote_int=\count403
\c@nicematrix_draft=\count404
\l__nicematrix_cell_space_top_limit_dim=\dimen363
\l__nicematrix_cell_space_bottom_limit_dim=\dimen364
\l__nicematrix_xdots_inter_dim=\dimen365
\l__nicematrix_xdots_shorten_start_dim=\dimen366
\l__nicematrix_xdots_shorten_end_dim=\dimen367
\l__nicematrix_xdots_radius_dim=\dimen368
\l__nicematrix_left_margin_dim=\dimen369
\l__nicematrix_right_margin_dim=\dimen370
\l__nicematrix_extra_left_margin_dim=\dimen371
\l__nicematrix_extra_right_margin_dim=\dimen372
\c__nicematrix_max_l_dim=\dimen373
\l__nicematrix_position_int=\count405
\l__nicematrix_multiplicity_int=\count406
\l__nicematrix_brace_yshift_dim=\dimen374
)
Package french3.ldf Info: Setting StandardItemizeEnv=true for
(french3.ldf)             compatibility with enumitem package,
(french3.ldf)             reported on input line 119.
Package french3.ldf Info: Setting StandardEnumerateEnv=true for
(french3.ldf)             compatibility with enumitem package,
(french3.ldf)             reported on input line 119.
Package csquotes Info: Checking for multilingual support...
Package csquotes Info: ... found 'babel' package.
Package csquotes Info: Adjusting default style.
Package csquotes Info: Redefining alias 'default' -> 'french'.

(C:\Users\guillaume.franchi\AppData\Local\Programs\MiKTeX\tex/latex/l3backend\l
3backend-xetex.def
File: l3backend-xetex.def 2025-06-09 L3 backend support: XeTeX
\g__graphics_track_int=\count407
\g__pdfannot_backend_int=\count408
\g__pdfannot_backend_link_int=\count409
) (Projet_2025_2026.aux)
\openout1 = `Projet_2025_2026.aux'.

LaTeX Font Info:    Checking defaults for OML/cmm/m/it on input line 119.
LaTeX Font Info:    ... okay on input line 119.
LaTeX Font Info:    Checking defaults for OMS/cmsy/m/n on input line 119.
LaTeX Font Info:    ... okay on input line 119.
LaTeX Font Info:    Checking defaults for OT1/cmr/m/n on input line 119.
LaTeX Font Info:    ... okay on input line 119.
LaTeX Font Info:    Checking defaults for T1/cmr/m/n on input line 119.
LaTeX Font Info:    ... okay on input line 119.
LaTeX Font Info:    Checking defaults for TS1/cmr/m/n on input line 119.
LaTeX Font Info:    ... okay on input line 119.
LaTeX Font Info:    Checking defaults for TU/lmr/m/n on input line 119.
LaTeX Font Info:    ... okay on input line 119.
LaTeX Font Info:    Checking defaults for OMX/cmex/m/n on input line 119.
LaTeX Font Info:    ... okay on input line 119.
LaTeX Font Info:    Checking defaults for U/cmr/m/n on input line 119.
LaTeX Font Info:    ... okay on input line 119.
LaTeX Font Info:    Checking defaults for PD1/pdf/m/n on input line 119.
LaTeX Font Info:    ... okay on input line 119.
LaTeX Font Info:    Checking defaults for PU/pdf/m/n on input line 119.
LaTeX Font Info:    ... okay on input line 119.
LaTeX Info: Redefining \degres on input line 119.

*geometry* driver: auto-detecting
*geometry* detected driver: xetex
*geometry* verbose mode - [ preamble ] result:
* driver: xetex
* paper: a4paper
* layout: <same size as paper>
* layoutoffset:(h,v)=(0.0pt,0.0pt)
* modes: 
* h-part:(L,W,R)=(28.45274pt, 540.60239pt, 28.45274pt)
* v-part:(T,H,B)=(42.67912pt, 759.6886pt, 42.67912pt)
* \paperwidth=597.50787pt
* \paperheight=845.04684pt
* \textwidth=540.60239pt
* \textheight=759.6886pt
* \oddsidemargin=-43.81725pt
* \evensidemargin=-43.81725pt
* \topmargin=-66.59087pt
* \headheight=12.0pt
* \headsep=25.0pt
* \topskip=12.0pt
* \footskip=30.0pt
* \marginparwidth=35.0pt
* \marginparsep=10.0pt
* \columnsep=10.0pt
* \skip\footins=10.8pt plus 4.0pt minus 2.0pt
* \hoffset=0.0pt
* \voffset=0.0pt
* \mag=1000
* \@twocolumnfalse
* \@twosidefalse
* \@mparswitchfalse
* \@reversemarginfalse
* (1in=72.27pt=25.4mm, 1cm=28.453pt)

Package caption Info: Begin \AtBeginDocument code.
Package caption Info: hyperref package is loaded.
Package caption Info: End \AtBeginDocument code.
Package hyperref Info: Link coloring ON on input line 119.
(Projet_2025_2026.out) (Projet_2025_2026.out)
\@outlinefile=\write4
\openout4 = `Projet_2025_2026.out'.

\c__nicematrix_shift_Ldots_last_row_dim=\dimen375
\c__nicematrix_innersep_middle_dim=\dimen376
\c@tabularnotesi=\count410
\enitdp@tabularnotes=\count411
\c@tabularnotes*i=\count412
\enitdp@tabularnotes*=\count413
File: logo_oniris.png Graphic file (type bmp)
<logo_oniris.png>
LaTeX Font Info:    Trying to load font information for OT1+lmr on input line 1
22.

(C:\Users\guillaume.franchi\AppData\Local\Programs\MiKTeX\tex/latex/lm\ot1lmr.f
d
File: ot1lmr.fd 2015/05/01 v1.6.1 Font defs for Latin Modern
)
LaTeX Font Info:    Trying to load font information for OML+lmm on input line 1
22.

(C:\Users\guillaume.franchi\AppData\Local\Programs\MiKTeX\tex/latex/lm\omllmm.f
d
File: omllmm.fd 2015/05/01 v1.6.1 Font defs for Latin Modern
)
LaTeX Font Info:    Trying to load font information for OMS+lmsy on input line 
122.

(C:\Users\guillaume.franchi\AppData\Local\Programs\MiKTeX\tex/latex/lm\omslmsy.
fd
File: omslmsy.fd 2015/05/01 v1.6.1 Font defs for Latin Modern
)
LaTeX Font Info:    Trying to load font information for OMX+lmex on input line 
122.

(C:\Users\guillaume.franchi\AppData\Local\Programs\MiKTeX\tex/latex/lm\omxlmex.
fd
File: omxlmex.fd 2015/05/01 v1.6.1 Font defs for Latin Modern
)
LaTeX Font Info:    External font `lmex10' loaded for size
(Font)              <14.4> on input line 122.
LaTeX Font Info:    External font `lmex10' loaded for size
(Font)              <10> on input line 122.
LaTeX Font Info:    External font `lmex10' loaded for size
(Font)              <7> on input line 122.
LaTeX Font Info:    Trying to load font information for U+msa on input line 122
.

(C:\Users\guillaume.franchi\AppData\Local\Programs\MiKTeX\tex/latex/amsfonts\um
sa.fd
File: umsa.fd 2013/01/14 v3.01 AMS symbols A
)
LaTeX Font Info:    Trying to load font information for U+msb on input line 122
.

(C:\Users\guillaume.franchi\AppData\Local\Programs\MiKTeX\tex/latex/amsfonts\um
sb.fd
File: umsb.fd 2013/01/14 v3.01 AMS symbols B
)
LaTeX Font Info:    Trying to load font information for U+stmry on input line 1
22.

(C:\Users\guillaume.franchi\AppData\Local\Programs\MiKTeX\tex/latex/stmaryrd\us
tmry.fd)
LaTeX Font Info:    External font `lmex10' loaded for size
(Font)              <12> on input line 123.
LaTeX Font Info:    External font `lmex10' loaded for size
(Font)              <8> on input line 123.
LaTeX Font Info:    External font `lmex10' loaded for size
(Font)              <6> on input line 123.


[1

] (Projet_2025_2026.aux)
 ***********
LaTeX2e <2025-06-01> patch level 1
L3 programming layer <2025-08-13>
 ***********
Package rerunfilecheck Info: File `Projet_2025_2026.out' has not changed.
(rerunfilecheck)             Checksum: D41D8CD98F00B204E9800998ECF8427E;0.
 ) 
Here is how much of TeX's memory you used:
 26543 strings out of 403249
 502987 string characters out of 5458376
 945872 words of memory out of 5000000
 54591 multiletter control sequences out of 15000+600000
 652830 words of font info for 92 fonts, out of 8000000 for 9000
 1348 hyphenation exceptions out of 8191
 83i,7n,131p,555b,393s stack positions out of 10000i,1000n,20000p,200000b,200000s

Output written on Projet_2025_2026.pdf (1 page).
